<?xml version="1.0" encoding="UTF-8"?>
<!-- Generated by org.testng.reporters.JUnitXMLReporter -->
<testsuite hostname="Dell" ignored="3" tests="0" failures="0" timestamp="23 Dec 2022 11:58:03 GMT" time="0.0" errors="0">
  <testcase name="tc_002_tc_verifyNavigationToCandidate" time="0.0" classname="com.home.testsuite.TestSuiteOrange">
    <ignored/>
  </testcase> <!-- tc_002_tc_verifyNavigationToCandidate -->
  <testcase name="tc_001_tc_loginApplication" time="0.0" classname="com.home.testsuite.TestSuiteOrange">
    <ignored/>
  </testcase> <!-- tc_001_tc_loginApplication -->
  <testcase name="tc_003_tc_loginApplication" time="0.0" classname="com.home.testsuite.TestSuiteOrange">
    <ignored/>
  </testcase> <!-- tc_003_tc_loginApplication -->
</testsuite>
