<?xml version="1.0" encoding="UTF-8"?>
<testng-results skipped="0" failed="1" ignored="0" total="1" passed="0">
  <reporter-output>
    <line>
      <![CDATA[==Start TC_002_verifyNavigationToCandidate1 == ]]>
    </line>
  </reporter-output>
  <suite name="Default suite" duration-ms="34495" started-at="2023-06-21T10:57:08Z" finished-at="2023-06-21T10:57:42Z">
    <groups>
    </groups>
    <test name="Default test" duration-ms="34495" started-at="2023-06-21T10:57:08Z" finished-at="2023-06-21T10:57:42Z">
      <class name="com.home.testsuite.TC_002_verifyNavigationToCandidate">
        <test-method status="PASS" signature="settupApplication()[pri:0, instance:com.home.testsuite.TC_002_verifyNavigationToCandidate@65e2dbf3]" name="settupApplication" is-config="true" duration-ms="11400" started-at="2023-06-21T16:27:08Z" finished-at="2023-06-21T16:27:19Z">
          <reporter-output>
          </reporter-output>
        </test-method> <!-- settupApplication -->
        <test-method status="PASS" signature="startTestReport()[pri:0, instance:com.home.testsuite.TC_002_verifyNavigationToCandidate@65e2dbf3]" name="startTestReport" is-config="true" duration-ms="118" started-at="2023-06-21T16:27:19Z" finished-at="2023-06-21T16:27:19Z">
          <reporter-output>
          </reporter-output>
        </test-method> <!-- startTestReport -->
        <test-method status="FAIL" signature="tc_verifyNavigationToCandidate()[pri:0, instance:com.home.testsuite.TC_002_verifyNavigationToCandidate@65e2dbf3]" name="tc_verifyNavigationToCandidate" duration-ms="22701" started-at="2023-06-21T16:27:19Z" finished-at="2023-06-21T16:27:42Z">
          <exception class="java.lang.AssertionError">
            <message>
              <![CDATA[expected [John] but found [FIBKYYC]]]>
            </message>
            <full-stacktrace>
              <![CDATA[java.lang.AssertionError: expected [John] but found [FIBKYYC]
	at org.testng.Assert.fail(Assert.java:94)
	at org.testng.Assert.failNotEquals(Assert.java:513)
	at org.testng.Assert.assertEqualsImpl(Assert.java:135)
	at org.testng.Assert.assertEquals(Assert.java:116)
	at org.testng.Assert.assertEquals(Assert.java:190)
	at org.testng.Assert.assertEquals(Assert.java:200)
	at com.home.pages.PG_Login.checkWelcomeandGetText(PG_Login.java:55)
	at com.home.lib.LIB_Orange.bc_verifyLoginUser(LIB_Orange.java:41)
	at com.home.testsuite.TC_002_verifyNavigationToCandidate.tc_verifyNavigationToCandidate(TC_002_verifyNavigationToCandidate.java:24)
	at sun.reflect.NativeMethodAccessorImpl.invoke0(Native Method)
	at sun.reflect.NativeMethodAccessorImpl.invoke(NativeMethodAccessorImpl.java:62)
	at sun.reflect.DelegatingMethodAccessorImpl.invoke(DelegatingMethodAccessorImpl.java:43)
	at java.lang.reflect.Method.invoke(Method.java:498)
	at org.testng.internal.MethodInvocationHelper.invokeMethod(MethodInvocationHelper.java:104)
	at org.testng.internal.Invoker.invokeMethod(Invoker.java:645)
	at org.testng.internal.Invoker.invokeTestMethod(Invoker.java:851)
	at org.testng.internal.Invoker.invokeTestMethods(Invoker.java:1177)
	at org.testng.internal.TestMethodWorker.invokeTestMethods(TestMethodWorker.java:129)
	at org.testng.internal.TestMethodWorker.run(TestMethodWorker.java:112)
	at org.testng.TestRunner.privateRun(TestRunner.java:756)
	at org.testng.TestRunner.run(TestRunner.java:610)
	at org.testng.SuiteRunner.runTest(SuiteRunner.java:387)
	at org.testng.SuiteRunner.runSequentially(SuiteRunner.java:382)
	at org.testng.SuiteRunner.privateRun(SuiteRunner.java:340)
	at org.testng.SuiteRunner.run(SuiteRunner.java:289)
	at org.testng.SuiteRunnerWorker.runSuite(SuiteRunnerWorker.java:52)
	at org.testng.SuiteRunnerWorker.run(SuiteRunnerWorker.java:86)
	at org.testng.TestNG.runSuitesSequentially(TestNG.java:1293)
	at org.testng.TestNG.runSuitesLocally(TestNG.java:1218)
	at org.testng.TestNG.runSuites(TestNG.java:1133)
	at org.testng.TestNG.run(TestNG.java:1104)
	at org.testng.remote.AbstractRemoteTestNG.run(AbstractRemoteTestNG.java:132)
	at org.testng.remote.RemoteTestNG.initAndRun(RemoteTestNG.java:236)
	at org.testng.remote.RemoteTestNG.main(RemoteTestNG.java:81)
]]>
            </full-stacktrace>
          </exception> <!-- java.lang.AssertionError -->
          <reporter-output>
            <line>
              <![CDATA[==Start TC_002_verifyNavigationToCandidate1 == ]]>
            </line>
          </reporter-output>
        </test-method> <!-- tc_verifyNavigationToCandidate -->
        <test-method status="PASS" signature="tearDown(org.testng.ITestResult)[pri:0, instance:com.home.testsuite.TC_002_verifyNavigationToCandidate@65e2dbf3]" name="tearDown" is-config="true" duration-ms="258" started-at="2023-06-21T16:27:42Z" finished-at="2023-06-21T16:27:42Z">
          <params>
            <param index="0">
              <value>
                <![CDATA[[TestResult name=tc_verifyNavigationToCandidate status=FAILURE method=TC_002_verifyNavigationToCandidate.tc_verifyNavigationToCandidate()[pri:0, instance:com.home.testsuite.TC_002_verifyNavigationToCandidate@65e2dbf3] output===Start TC_002_verifyNavigationToCandidate1 == ]]]>
              </value>
            </param>
          </params>
          <reporter-output>
          </reporter-output>
        </test-method> <!-- tearDown -->
        <test-method status="PASS" signature="quiteBrowser()[pri:0, instance:com.home.testsuite.TC_002_verifyNavigationToCandidate@65e2dbf3]" name="quiteBrowser" is-config="true" duration-ms="1160" started-at="2023-06-21T16:27:42Z" finished-at="2023-06-21T16:27:43Z">
          <reporter-output>
          </reporter-output>
        </test-method> <!-- quiteBrowser -->
      </class> <!-- com.home.testsuite.TC_002_verifyNavigationToCandidate -->
    </test> <!-- Default test -->
  </suite> <!-- Default suite -->
</testng-results>
